  main.cpp
G:\ユーザー\ToTTi\Documents\GitHub\jpegScript\src\jpegComp_dll\jpegComp_dll\main.cpp(45,30): warning C4244: '=': 'float' から 'int' への変換です。データが失われる可能性があります。
G:\ユーザー\ToTTi\Documents\GitHub\jpegScript\src\jpegComp_dll\jpegComp_dll\main.cpp(46,30): warning C4244: '=': 'float' から 'int' への変換です。データが失われる可能性があります。
G:\ユーザー\ToTTi\Documents\GitHub\jpegScript\src\jpegComp_dll\jpegComp_dll\main.cpp(47,30): warning C4244: '=': 'float' から 'int' への変換です。データが失われる可能性があります。
G:\ユーザー\ToTTi\Documents\GitHub\jpegScript\src\jpegComp_dll\jpegComp_dll\main.cpp(48,30): warning C4244: '=': 'float' から 'int' への変換です。データが失われる可能性があります。
G:\ユーザー\ToTTi\Documents\GitHub\jpegScript\src\jpegComp_dll\jpegComp_dll\main.cpp(54,30): warning C4244: '=': 'float' から 'int' への変換です。データが失われる可能性があります。
G:\ユーザー\ToTTi\Documents\GitHub\jpegScript\src\jpegComp_dll\jpegComp_dll\main.cpp(55,30): warning C4244: '=': 'float' から 'int' への変換です。データが失われる可能性があります。
G:\ユーザー\ToTTi\Documents\GitHub\jpegScript\src\jpegComp_dll\jpegComp_dll\main.cpp(56,30): warning C4244: '=': 'float' から 'int' への変換です。データが失われる可能性があります。
G:\ユーザー\ToTTi\Documents\GitHub\jpegScript\src\jpegComp_dll\jpegComp_dll\main.cpp(57,30): warning C4244: '=': 'float' から 'int' への変換です。データが失われる可能性があります。
G:\ユーザー\ToTTi\Documents\GitHub\jpegScript\src\jpegComp_dll\jpegComp_dll\main.cpp(285,15): warning C4244: '初期化中': 'double' から 'int' への変換です。データが失われる可能性があります。
G:\ユーザー\ToTTi\Documents\GitHub\jpegScript\src\jpegComp_dll\jpegComp_dll\main.cpp(292,109): warning C4244: '=': 'double' から 'int' への変換です。データが失われる可能性があります。
G:\ユーザー\ToTTi\Documents\GitHub\jpegScript\src\jpegComp_dll\jpegComp_dll\main.cpp(293,112): warning C4244: '=': 'double' から 'int' への変換です。データが失われる可能性があります。
G:\ユーザー\ToTTi\Documents\GitHub\jpegScript\src\jpegComp_dll\jpegComp_dll\main.cpp(314,70): warning C4244: '=': 'float' から 'int' への変換です。データが失われる可能性があります。
G:\ユーザー\ToTTi\Documents\GitHub\jpegScript\src\jpegComp_dll\jpegComp_dll\main.cpp(315,90): warning C4244: '=': 'float' から 'int' への変換です。データが失われる可能性があります。
G:\ユーザー\ToTTi\Documents\GitHub\jpegScript\src\jpegComp_dll\jpegComp_dll\main.cpp(316,90): warning C4244: '=': 'float' から 'int' への変換です。データが失われる可能性があります。
G:\ユーザー\ToTTi\Documents\GitHub\jpegScript\src\jpegComp_dll\jpegComp_dll\main.cpp(390,31): warning C4244: '初期化中': 'float' から 'int' への変換です。データが失われる可能性があります。
G:\ユーザー\ToTTi\Documents\GitHub\jpegScript\src\jpegComp_dll\jpegComp_dll\main.cpp(391,31): warning C4244: '初期化中': 'float' から 'int' への変換です。データが失われる可能性があります。
G:\ユーザー\ToTTi\Documents\GitHub\jpegScript\src\jpegComp_dll\jpegComp_dll\main.cpp(392,31): warning C4244: '初期化中': 'float' から 'int' への変換です。データが失われる可能性があります。
G:\ユーザー\ToTTi\Documents\GitHub\jpegScript\src\jpegComp_dll\jpegComp_dll\main.cpp(413,31): warning C4244: '初期化中': 'float' から 'int' への変換です。データが失われる可能性があります。
G:\ユーザー\ToTTi\Documents\GitHub\jpegScript\src\jpegComp_dll\jpegComp_dll\main.cpp(414,31): warning C4244: '初期化中': 'float' から 'int' への変換です。データが失われる可能性があります。
G:\ユーザー\ToTTi\Documents\GitHub\jpegScript\src\jpegComp_dll\jpegComp_dll\main.cpp(415,31): warning C4244: '初期化中': 'float' から 'int' への変換です。データが失われる可能性があります。
     ライブラリ ..\..\jpegComp.lib とオブジェクト ..\..\jpegComp.exp を作成中
  コード生成しています。
  2 of 101 functions ( 2.0%) were compiled, the rest were copied from previous compilation.
    0 functions were new in current compilation
    0 functions had inline decision re-evaluated but remain unchanged
  コード生成が終了しました。
  jpegComp_dll.vcxproj -> G:\ユーザー\ToTTi\Documents\GitHub\jpegScript\src\jpegComp.dll
