C:\Program Files (x86)\Microsoft Visual Studio\2019\Community\MSBuild\Microsoft\VC\v160\Microsoft.CppBuild.targets(499,5): warning MSB8004: Output ディレクトリの末尾がスラッシュではありません。Output ディレクトリが適切に評価されるようにするために、このビルド インスタンスによってスラッシュが追加されます。
  main.cpp
G:\ユーザー\ToTTi\Documents\GitHub\jpegScript\src\jpegComp_dll\jpegComp_dll\main.cpp(44,30): warning C4244: '=': 'float' から 'int' への変換です。データが失われる可能性があります。
G:\ユーザー\ToTTi\Documents\GitHub\jpegScript\src\jpegComp_dll\jpegComp_dll\main.cpp(45,30): warning C4244: '=': 'float' から 'int' への変換です。データが失われる可能性があります。
G:\ユーザー\ToTTi\Documents\GitHub\jpegScript\src\jpegComp_dll\jpegComp_dll\main.cpp(46,30): warning C4244: '=': 'float' から 'int' への変換です。データが失われる可能性があります。
G:\ユーザー\ToTTi\Documents\GitHub\jpegScript\src\jpegComp_dll\jpegComp_dll\main.cpp(47,30): warning C4244: '=': 'float' から 'int' への変換です。データが失われる可能性があります。
G:\ユーザー\ToTTi\Documents\GitHub\jpegScript\src\jpegComp_dll\jpegComp_dll\main.cpp(53,30): warning C4244: '=': 'float' から 'int' への変換です。データが失われる可能性があります。
G:\ユーザー\ToTTi\Documents\GitHub\jpegScript\src\jpegComp_dll\jpegComp_dll\main.cpp(54,30): warning C4244: '=': 'float' から 'int' への変換です。データが失われる可能性があります。
G:\ユーザー\ToTTi\Documents\GitHub\jpegScript\src\jpegComp_dll\jpegComp_dll\main.cpp(55,30): warning C4244: '=': 'float' から 'int' への変換です。データが失われる可能性があります。
G:\ユーザー\ToTTi\Documents\GitHub\jpegScript\src\jpegComp_dll\jpegComp_dll\main.cpp(56,30): warning C4244: '=': 'float' から 'int' への変換です。データが失われる可能性があります。
G:\ユーザー\ToTTi\Documents\GitHub\jpegScript\src\jpegComp_dll\jpegComp_dll\main.cpp(293,62): warning C4244: '=': 'float' から 'int' への変換です。データが失われる可能性があります。
G:\ユーザー\ToTTi\Documents\GitHub\jpegScript\src\jpegComp_dll\jpegComp_dll\main.cpp(294,82): warning C4244: '=': 'float' から 'int' への変換です。データが失われる可能性があります。
G:\ユーザー\ToTTi\Documents\GitHub\jpegScript\src\jpegComp_dll\jpegComp_dll\main.cpp(295,82): warning C4244: '=': 'float' から 'int' への変換です。データが失われる可能性があります。
G:\ユーザー\ToTTi\Documents\GitHub\jpegScript\src\jpegComp_dll\jpegComp_dll\main.cpp(318,97): warning C4244: '=': 'double' から 'int' への変換です。データが失われる可能性があります。
G:\ユーザー\ToTTi\Documents\GitHub\jpegScript\src\jpegComp_dll\jpegComp_dll\main.cpp(319,100): warning C4244: '=': 'double' から 'int' への変換です。データが失われる可能性があります。
G:\ユーザー\ToTTi\Documents\GitHub\jpegScript\src\jpegComp_dll\jpegComp_dll\main.cpp(393,23): warning C4244: '初期化中': 'float' から 'int' への変換です。データが失われる可能性があります。
G:\ユーザー\ToTTi\Documents\GitHub\jpegScript\src\jpegComp_dll\jpegComp_dll\main.cpp(394,23): warning C4244: '初期化中': 'float' から 'int' への変換です。データが失われる可能性があります。
G:\ユーザー\ToTTi\Documents\GitHub\jpegScript\src\jpegComp_dll\jpegComp_dll\main.cpp(395,23): warning C4244: '初期化中': 'float' から 'int' への変換です。データが失われる可能性があります。
G:\ユーザー\ToTTi\Documents\GitHub\jpegScript\src\jpegComp_dll\jpegComp_dll\main.cpp(419,23): warning C4244: '初期化中': 'float' から 'int' への変換です。データが失われる可能性があります。
G:\ユーザー\ToTTi\Documents\GitHub\jpegScript\src\jpegComp_dll\jpegComp_dll\main.cpp(420,23): warning C4244: '初期化中': 'float' から 'int' への変換です。データが失われる可能性があります。
G:\ユーザー\ToTTi\Documents\GitHub\jpegScript\src\jpegComp_dll\jpegComp_dll\main.cpp(421,23): warning C4244: '初期化中': 'float' から 'int' への変換です。データが失われる可能性があります。
  jpegComp_dll.vcxproj -> G:\ユーザー\ToTTi\Documents\GitHub\jpegScript\src\jpegComp.dll
